{
  "stats": {
    "suites": 20,
    "tests": 32,
    "passes": 32,
    "pending": 0,
    "failures": 0,
    "start": "2025-04-16T10:35:24.168Z",
    "end": "2025-04-16T10:35:24.248Z",
    "duration": 80,
    "testsRegistered": 32,
    "passPercent": 100,
    "pendingPercent": 0,
    "other": 0,
    "hasOther": false,
    "skipped": 0,
    "hasSkipped": false
  },
  "results": [
    {
      "uuid": "57c15a6e-c7f1-4395-a17a-083174046d0a",
      "title": "",
      "fullFile": "",
      "file": "",
      "beforeHooks": [],
      "afterHooks": [],
      "tests": [],
      "suites": [
        {
          "uuid": "ccddd38d-4298-43af-9ccf-f0f2a4fb4ad1",
          "title": "arrayUtils",
          "fullFile": "C:\\Users\\anyai\\practice_unit\\test\\arrayUtils.test.js",
          "file": "\\test\\arrayUtils.test.js",
          "beforeHooks": [],
          "afterHooks": [],
          "tests": [],
          "suites": [
            {
              "uuid": "5ecc826d-2d6d-42a8-a299-d25b46b888b0",
              "title": "findMax",
              "fullFile": "C:\\Users\\anyai\\practice_unit\\test\\arrayUtils.test.js",
              "file": "\\test\\arrayUtils.test.js",
              "beforeHooks": [],
              "afterHooks": [],
              "tests": [
                {
                  "title": "should return the maximum value in the array",
                  "fullTitle": "arrayUtils findMax should return the maximum value in the array",
                  "timedOut": false,
                  "duration": 1,
                  "state": "passed",
                  "speed": "fast",
                  "pass": true,
                  "fail": false,
                  "pending": false,
                  "context": null,
                  "code": "expect(findMax([1, 4, 2])).to.equal(4);",
                  "err": {},
                  "uuid": "17c21924-4b05-4a32-b887-9b71e5051de9",
                  "parentUUID": "5ecc826d-2d6d-42a8-a299-d25b46b888b0",
                  "isHook": false,
                  "skipped": false
                },
                {
                  "title": "should throw an error for invalid input",
                  "fullTitle": "arrayUtils findMax should throw an error for invalid input",
                  "timedOut": false,
                  "duration": 1,
                  "state": "passed",
                  "speed": "fast",
                  "pass": true,
                  "fail": false,
                  "pending": false,
                  "context": null,
                  "code": "expect(() => findMax('not an array')).to.throw();",
                  "err": {},
                  "uuid": "923e49f0-59d1-4f4d-a2f7-8d0d041a8031",
                  "parentUUID": "5ecc826d-2d6d-42a8-a299-d25b46b888b0",
                  "isHook": false,
                  "skipped": false
                }
              ],
              "suites": [],
              "passes": [
                "17c21924-4b05-4a32-b887-9b71e5051de9",
                "923e49f0-59d1-4f4d-a2f7-8d0d041a8031"
              ],
              "failures": [],
              "pending": [],
              "skipped": [],
              "duration": 2,
              "root": false,
              "rootEmpty": false,
              "_timeout": 2000
            },
            {
              "uuid": "bf0d0a6c-63fe-4b5f-9f4e-d8ad00a40d3a",
              "title": "findMin",
              "fullFile": "C:\\Users\\anyai\\practice_unit\\test\\arrayUtils.test.js",
              "file": "\\test\\arrayUtils.test.js",
              "beforeHooks": [],
              "afterHooks": [],
              "tests": [
                {
                  "title": "should return the minimum value in the array",
                  "fullTitle": "arrayUtils findMin should return the minimum value in the array",
                  "timedOut": false,
                  "duration": 0,
                  "state": "passed",
                  "speed": "fast",
                  "pass": true,
                  "fail": false,
                  "pending": false,
                  "context": null,
                  "code": "expect(findMin([10, 3, 7])).to.equal(3);",
                  "err": {},
                  "uuid": "712b184e-e76c-4c83-a6ab-b0202fcfcd0c",
                  "parentUUID": "bf0d0a6c-63fe-4b5f-9f4e-d8ad00a40d3a",
                  "isHook": false,
                  "skipped": false
                },
                {
                  "title": "should throw an error for invalid input",
                  "fullTitle": "arrayUtils findMin should throw an error for invalid input",
                  "timedOut": false,
                  "duration": 1,
                  "state": "passed",
                  "speed": "fast",
                  "pass": true,
                  "fail": false,
                  "pending": false,
                  "context": null,
                  "code": "expect(() => findMin(123)).to.throw();",
                  "err": {},
                  "uuid": "38c0467b-5415-41aa-8c5a-9781c127d2d7",
                  "parentUUID": "bf0d0a6c-63fe-4b5f-9f4e-d8ad00a40d3a",
                  "isHook": false,
                  "skipped": false
                }
              ],
              "suites": [],
              "passes": [
                "712b184e-e76c-4c83-a6ab-b0202fcfcd0c",
                "38c0467b-5415-41aa-8c5a-9781c127d2d7"
              ],
              "failures": [],
              "pending": [],
              "skipped": [],
              "duration": 1,
              "root": false,
              "rootEmpty": false,
              "_timeout": 2000
            },
            {
              "uuid": "2929ad7f-8a9c-45b4-bf71-f079340136cb",
              "title": "removeDuplicates",
              "fullFile": "C:\\Users\\anyai\\practice_unit\\test\\arrayUtils.test.js",
              "file": "\\test\\arrayUtils.test.js",
              "beforeHooks": [],
              "afterHooks": [],
              "tests": [
                {
                  "title": "should remove duplicate values from the array",
                  "fullTitle": "arrayUtils removeDuplicates should remove duplicate values from the array",
                  "timedOut": false,
                  "duration": 1,
                  "state": "passed",
                  "speed": "fast",
                  "pass": true,
                  "fail": false,
                  "pending": false,
                  "context": null,
                  "code": "expect(removeDuplicates([1, 2, 2, 3])).to.deep.equal([1, 2, 3]);",
                  "err": {},
                  "uuid": "3e01f0ba-1e7d-4e95-b80f-4026cc8dee11",
                  "parentUUID": "2929ad7f-8a9c-45b4-bf71-f079340136cb",
                  "isHook": false,
                  "skipped": false
                },
                {
                  "title": "should throw an error for invalid input",
                  "fullTitle": "arrayUtils removeDuplicates should throw an error for invalid input",
                  "timedOut": false,
                  "duration": 1,
                  "state": "passed",
                  "speed": "fast",
                  "pass": true,
                  "fail": false,
                  "pending": false,
                  "context": null,
                  "code": "expect(() => removeDuplicates({})).to.throw();",
                  "err": {},
                  "uuid": "f586d573-c36f-4ee7-9577-a30fa1751965",
                  "parentUUID": "2929ad7f-8a9c-45b4-bf71-f079340136cb",
                  "isHook": false,
                  "skipped": false
                }
              ],
              "suites": [],
              "passes": [
                "3e01f0ba-1e7d-4e95-b80f-4026cc8dee11",
                "f586d573-c36f-4ee7-9577-a30fa1751965"
              ],
              "failures": [],
              "pending": [],
              "skipped": [],
              "duration": 2,
              "root": false,
              "rootEmpty": false,
              "_timeout": 2000
            }
          ],
          "passes": [],
          "failures": [],
          "pending": [],
          "skipped": [],
          "duration": 0,
          "root": false,
          "rootEmpty": false,
          "_timeout": 2000
        },
        {
          "uuid": "27c4d045-6cf9-4a32-ad4e-330e319790b7",
          "title": "checkStudentKnowledge (через Wrapper)",
          "fullFile": "C:\\Users\\anyai\\practice_unit\\test\\checkStudentKnowledgeWrapper.test.js",
          "file": "\\test\\checkStudentKnowledgeWrapper.test.js",
          "beforeHooks": [],
          "afterHooks": [],
          "tests": [
            {
              "title": "возвращает true, если ответы совпадают",
              "fullTitle": "checkStudentKnowledge (через Wrapper) возвращает true, если ответы совпадают",
              "timedOut": false,
              "duration": 0,
              "state": "passed",
              "speed": "fast",
              "pass": true,
              "fail": false,
              "pending": false,
              "context": null,
              "code": "const student = { q1: 'a', q2: 'b' };\nconst correct = { q1: 'a', q2: 'b' };\nassert.equal(checkStudentKnowledge(student, correct), true);",
              "err": {},
              "uuid": "f08292b9-da70-46d5-809c-c6997e2d7389",
              "parentUUID": "27c4d045-6cf9-4a32-ad4e-330e319790b7",
              "isHook": false,
              "skipped": false
            },
            {
              "title": "возвращает false, если ключи отличаются",
              "fullTitle": "checkStudentKnowledge (через Wrapper) возвращает false, если ключи отличаются",
              "timedOut": false,
              "duration": 0,
              "state": "passed",
              "speed": "fast",
              "pass": true,
              "fail": false,
              "pending": false,
              "context": null,
              "code": "const student = { q1: 'a' };\nconst correct = { q1: 'a', q2: 'b' };\nassert.equal(checkStudentKnowledge(student, correct), false);",
              "err": {},
              "uuid": "4950d8c8-b253-410f-8052-8455d1bd10b5",
              "parentUUID": "27c4d045-6cf9-4a32-ad4e-330e319790b7",
              "isHook": false,
              "skipped": false
            }
          ],
          "suites": [],
          "passes": [
            "f08292b9-da70-46d5-809c-c6997e2d7389",
            "4950d8c8-b253-410f-8052-8455d1bd10b5"
          ],
          "failures": [],
          "pending": [],
          "skipped": [],
          "duration": 0,
          "root": false,
          "rootEmpty": false,
          "_timeout": 2000
        },
        {
          "uuid": "c3174591-b2c8-40f6-bcd4-60d330a6e0e6",
          "title": "mathUtils",
          "fullFile": "C:\\Users\\anyai\\practice_unit\\test\\mathUtils.test.js",
          "file": "\\test\\mathUtils.test.js",
          "beforeHooks": [],
          "afterHooks": [],
          "tests": [],
          "suites": [
            {
              "uuid": "ecfcdce2-e936-4dfc-9c6a-1cccaf3e611f",
              "title": "add",
              "fullFile": "C:\\Users\\anyai\\practice_unit\\test\\mathUtils.test.js",
              "file": "\\test\\mathUtils.test.js",
              "beforeHooks": [],
              "afterHooks": [],
              "tests": [
                {
                  "title": "should return the sum of two numbers",
                  "fullTitle": "mathUtils add should return the sum of two numbers",
                  "timedOut": false,
                  "duration": 1,
                  "state": "passed",
                  "speed": "fast",
                  "pass": true,
                  "fail": false,
                  "pending": false,
                  "context": null,
                  "code": "expect(add(2, 3)).to.equal(5);",
                  "err": {},
                  "uuid": "8a3fdff6-edc7-4d29-8df5-b39ccc7046a1",
                  "parentUUID": "ecfcdce2-e936-4dfc-9c6a-1cccaf3e611f",
                  "isHook": false,
                  "skipped": false
                }
              ],
              "suites": [],
              "passes": [
                "8a3fdff6-edc7-4d29-8df5-b39ccc7046a1"
              ],
              "failures": [],
              "pending": [],
              "skipped": [],
              "duration": 1,
              "root": false,
              "rootEmpty": false,
              "_timeout": 2000
            },
            {
              "uuid": "6e8bf907-757c-46a7-91da-c7fa39a9ab2d",
              "title": "subtract",
              "fullFile": "C:\\Users\\anyai\\practice_unit\\test\\mathUtils.test.js",
              "file": "\\test\\mathUtils.test.js",
              "beforeHooks": [],
              "afterHooks": [],
              "tests": [
                {
                  "title": "should return the difference of two numbers",
                  "fullTitle": "mathUtils subtract should return the difference of two numbers",
                  "timedOut": false,
                  "duration": 0,
                  "state": "passed",
                  "speed": "fast",
                  "pass": true,
                  "fail": false,
                  "pending": false,
                  "context": null,
                  "code": "expect(subtract(5, 3)).to.equal(2);",
                  "err": {},
                  "uuid": "e94adf86-e386-4580-b960-d7928fafca49",
                  "parentUUID": "6e8bf907-757c-46a7-91da-c7fa39a9ab2d",
                  "isHook": false,
                  "skipped": false
                }
              ],
              "suites": [],
              "passes": [
                "e94adf86-e386-4580-b960-d7928fafca49"
              ],
              "failures": [],
              "pending": [],
              "skipped": [],
              "duration": 0,
              "root": false,
              "rootEmpty": false,
              "_timeout": 2000
            },
            {
              "uuid": "d564ef3d-c51b-4356-ae34-c172918e6a95",
              "title": "multiply",
              "fullFile": "C:\\Users\\anyai\\practice_unit\\test\\mathUtils.test.js",
              "file": "\\test\\mathUtils.test.js",
              "beforeHooks": [],
              "afterHooks": [],
              "tests": [
                {
                  "title": "should return the product of two numbers",
                  "fullTitle": "mathUtils multiply should return the product of two numbers",
                  "timedOut": false,
                  "duration": 1,
                  "state": "passed",
                  "speed": "fast",
                  "pass": true,
                  "fail": false,
                  "pending": false,
                  "context": null,
                  "code": "expect(multiply(4, 2)).to.equal(8);",
                  "err": {},
                  "uuid": "92d57c1e-34bb-4030-a5ea-ce643afe05d2",
                  "parentUUID": "d564ef3d-c51b-4356-ae34-c172918e6a95",
                  "isHook": false,
                  "skipped": false
                }
              ],
              "suites": [],
              "passes": [
                "92d57c1e-34bb-4030-a5ea-ce643afe05d2"
              ],
              "failures": [],
              "pending": [],
              "skipped": [],
              "duration": 1,
              "root": false,
              "rootEmpty": false,
              "_timeout": 2000
            },
            {
              "uuid": "4c740896-9e53-498a-abbd-206984cca9a0",
              "title": "divide",
              "fullFile": "C:\\Users\\anyai\\practice_unit\\test\\mathUtils.test.js",
              "file": "\\test\\mathUtils.test.js",
              "beforeHooks": [],
              "afterHooks": [],
              "tests": [
                {
                  "title": "should return the result of division",
                  "fullTitle": "mathUtils divide should return the result of division",
                  "timedOut": false,
                  "duration": 0,
                  "state": "passed",
                  "speed": "fast",
                  "pass": true,
                  "fail": false,
                  "pending": false,
                  "context": null,
                  "code": "expect(divide(10, 2)).to.equal(5);",
                  "err": {},
                  "uuid": "aa9de320-bbfe-4241-b271-f69ce392e9fd",
                  "parentUUID": "4c740896-9e53-498a-abbd-206984cca9a0",
                  "isHook": false,
                  "skipped": false
                },
                {
                  "title": "should throw an error when dividing by zero",
                  "fullTitle": "mathUtils divide should throw an error when dividing by zero",
                  "timedOut": false,
                  "duration": 0,
                  "state": "passed",
                  "speed": "fast",
                  "pass": true,
                  "fail": false,
                  "pending": false,
                  "context": null,
                  "code": "expect(() => divide(10, 0)).to.throw(\"Cannot divide by zero\");",
                  "err": {},
                  "uuid": "fe5c8956-5b48-4ffe-9b42-493f49906e6f",
                  "parentUUID": "4c740896-9e53-498a-abbd-206984cca9a0",
                  "isHook": false,
                  "skipped": false
                }
              ],
              "suites": [],
              "passes": [
                "aa9de320-bbfe-4241-b271-f69ce392e9fd",
                "fe5c8956-5b48-4ffe-9b42-493f49906e6f"
              ],
              "failures": [],
              "pending": [],
              "skipped": [],
              "duration": 0,
              "root": false,
              "rootEmpty": false,
              "_timeout": 2000
            }
          ],
          "passes": [],
          "failures": [],
          "pending": [],
          "skipped": [],
          "duration": 0,
          "root": false,
          "rootEmpty": false,
          "_timeout": 2000
        },
        {
          "uuid": "7f629e27-9ebd-42d6-87dd-9e71cedefb83",
          "title": "stringUtils",
          "fullFile": "C:\\Users\\anyai\\practice_unit\\test\\stringUtils.test.js",
          "file": "\\test\\stringUtils.test.js",
          "beforeHooks": [],
          "afterHooks": [],
          "tests": [],
          "suites": [
            {
              "uuid": "54668fb1-bf60-4ec6-b37f-154f962ebb2c",
              "title": "capitalize",
              "fullFile": "C:\\Users\\anyai\\practice_unit\\test\\stringUtils.test.js",
              "file": "\\test\\stringUtils.test.js",
              "beforeHooks": [],
              "afterHooks": [],
              "tests": [
                {
                  "title": "should capitalize the first letter",
                  "fullTitle": "stringUtils capitalize should capitalize the first letter",
                  "timedOut": false,
                  "duration": 0,
                  "state": "passed",
                  "speed": "fast",
                  "pass": true,
                  "fail": false,
                  "pending": false,
                  "context": null,
                  "code": "expect(capitalize('hello')).to.equal('Hello');",
                  "err": {},
                  "uuid": "e32f0741-ed33-4c94-b465-66b9033b6eae",
                  "parentUUID": "54668fb1-bf60-4ec6-b37f-154f962ebb2c",
                  "isHook": false,
                  "skipped": false
                },
                {
                  "title": "should throw an error for invalid input",
                  "fullTitle": "stringUtils capitalize should throw an error for invalid input",
                  "timedOut": false,
                  "duration": 0,
                  "state": "passed",
                  "speed": "fast",
                  "pass": true,
                  "fail": false,
                  "pending": false,
                  "context": null,
                  "code": "expect(() => capitalize(123)).to.throw();",
                  "err": {},
                  "uuid": "17bf2065-7cef-48ca-9b58-f81893dd2bde",
                  "parentUUID": "54668fb1-bf60-4ec6-b37f-154f962ebb2c",
                  "isHook": false,
                  "skipped": false
                }
              ],
              "suites": [],
              "passes": [
                "e32f0741-ed33-4c94-b465-66b9033b6eae",
                "17bf2065-7cef-48ca-9b58-f81893dd2bde"
              ],
              "failures": [],
              "pending": [],
              "skipped": [],
              "duration": 0,
              "root": false,
              "rootEmpty": false,
              "_timeout": 2000
            },
            {
              "uuid": "04d5479c-4646-46d9-ae30-5de914a608bf",
              "title": "reverseString",
              "fullFile": "C:\\Users\\anyai\\practice_unit\\test\\stringUtils.test.js",
              "file": "\\test\\stringUtils.test.js",
              "beforeHooks": [],
              "afterHooks": [],
              "tests": [
                {
                  "title": "should reverse the string",
                  "fullTitle": "stringUtils reverseString should reverse the string",
                  "timedOut": false,
                  "duration": 0,
                  "state": "passed",
                  "speed": "fast",
                  "pass": true,
                  "fail": false,
                  "pending": false,
                  "context": null,
                  "code": "expect(reverseString('abc')).to.equal('cba');",
                  "err": {},
                  "uuid": "640a68ae-8dc0-4415-8f92-d2c0adeb94c2",
                  "parentUUID": "04d5479c-4646-46d9-ae30-5de914a608bf",
                  "isHook": false,
                  "skipped": false
                },
                {
                  "title": "should throw an error for invalid input",
                  "fullTitle": "stringUtils reverseString should throw an error for invalid input",
                  "timedOut": false,
                  "duration": 0,
                  "state": "passed",
                  "speed": "fast",
                  "pass": true,
                  "fail": false,
                  "pending": false,
                  "context": null,
                  "code": "expect(() => reverseString(null)).to.throw();",
                  "err": {},
                  "uuid": "ab530c7e-79a6-4b17-8c9b-3e48bb29a322",
                  "parentUUID": "04d5479c-4646-46d9-ae30-5de914a608bf",
                  "isHook": false,
                  "skipped": false
                }
              ],
              "suites": [],
              "passes": [
                "640a68ae-8dc0-4415-8f92-d2c0adeb94c2",
                "ab530c7e-79a6-4b17-8c9b-3e48bb29a322"
              ],
              "failures": [],
              "pending": [],
              "skipped": [],
              "duration": 0,
              "root": false,
              "rootEmpty": false,
              "_timeout": 2000
            },
            {
              "uuid": "ecd73c58-daa8-4d42-b3e6-beb5082969b8",
              "title": "isPalindrome",
              "fullFile": "C:\\Users\\anyai\\practice_unit\\test\\stringUtils.test.js",
              "file": "\\test\\stringUtils.test.js",
              "beforeHooks": [],
              "afterHooks": [],
              "tests": [
                {
                  "title": "should return true for a palindrome",
                  "fullTitle": "stringUtils isPalindrome should return true for a palindrome",
                  "timedOut": false,
                  "duration": 0,
                  "state": "passed",
                  "speed": "fast",
                  "pass": true,
                  "fail": false,
                  "pending": false,
                  "context": null,
                  "code": "expect(isPalindrome('level')).to.be.true;",
                  "err": {},
                  "uuid": "bd7ef8a8-7fde-4a84-b61e-05cfc86cd8b3",
                  "parentUUID": "ecd73c58-daa8-4d42-b3e6-beb5082969b8",
                  "isHook": false,
                  "skipped": false
                },
                {
                  "title": "should return false for a non-palindrome",
                  "fullTitle": "stringUtils isPalindrome should return false for a non-palindrome",
                  "timedOut": false,
                  "duration": 1,
                  "state": "passed",
                  "speed": "fast",
                  "pass": true,
                  "fail": false,
                  "pending": false,
                  "context": null,
                  "code": "expect(isPalindrome('hello')).to.be.false;",
                  "err": {},
                  "uuid": "8a945644-65d9-43e2-b82d-c52839fbce4e",
                  "parentUUID": "ecd73c58-daa8-4d42-b3e6-beb5082969b8",
                  "isHook": false,
                  "skipped": false
                },
                {
                  "title": "should throw an error for invalid input",
                  "fullTitle": "stringUtils isPalindrome should throw an error for invalid input",
                  "timedOut": false,
                  "duration": 0,
                  "state": "passed",
                  "speed": "fast",
                  "pass": true,
                  "fail": false,
                  "pending": false,
                  "context": null,
                  "code": "expect(() => isPalindrome({})).to.throw();",
                  "err": {},
                  "uuid": "abf6dc03-49c0-419b-ab76-eb54a5fde1ac",
                  "parentUUID": "ecd73c58-daa8-4d42-b3e6-beb5082969b8",
                  "isHook": false,
                  "skipped": false
                }
              ],
              "suites": [],
              "passes": [
                "bd7ef8a8-7fde-4a84-b61e-05cfc86cd8b3",
                "8a945644-65d9-43e2-b82d-c52839fbce4e",
                "abf6dc03-49c0-419b-ab76-eb54a5fde1ac"
              ],
              "failures": [],
              "pending": [],
              "skipped": [],
              "duration": 1,
              "root": false,
              "rootEmpty": false,
              "_timeout": 2000
            }
          ],
          "passes": [],
          "failures": [],
          "pending": [],
          "skipped": [],
          "duration": 0,
          "root": false,
          "rootEmpty": false,
          "_timeout": 2000
        },
        {
          "uuid": "45e45bad-15fa-432e-8ef2-07cda33b05e3",
          "title": "checkStudentKnowledge (через Exported)",
          "fullFile": "C:\\Users\\anyai\\practice_unit\\test\\studentKnowledgeCheckerExported.test.js",
          "file": "\\test\\studentKnowledgeCheckerExported.test.js",
          "beforeHooks": [],
          "afterHooks": [],
          "tests": [
            {
              "title": "возвращает true, если ответы совпадают",
              "fullTitle": "checkStudentKnowledge (через Exported) возвращает true, если ответы совпадают",
              "timedOut": false,
              "duration": 0,
              "state": "passed",
              "speed": "fast",
              "pass": true,
              "fail": false,
              "pending": false,
              "context": null,
              "code": "const student = { q1: 'a', q2: 'b' };\nconst correct = { q1: 'a', q2: 'b' };\nassert.equal(checkStudentKnowledge(student, correct), true);",
              "err": {},
              "uuid": "146ff32a-b27f-49dc-997d-bca1fe19105c",
              "parentUUID": "45e45bad-15fa-432e-8ef2-07cda33b05e3",
              "isHook": false,
              "skipped": false
            },
            {
              "title": "возвращает false, если есть ошибка",
              "fullTitle": "checkStudentKnowledge (через Exported) возвращает false, если есть ошибка",
              "timedOut": false,
              "duration": 0,
              "state": "passed",
              "speed": "fast",
              "pass": true,
              "fail": false,
              "pending": false,
              "context": null,
              "code": "const student = { q1: 'a', q2: 'x' };\nconst correct = { q1: 'a', q2: 'b' };\nassert.equal(checkStudentKnowledge(student, correct), false);",
              "err": {},
              "uuid": "566d3ad9-c4a7-4526-899f-a6ad19bd2ddb",
              "parentUUID": "45e45bad-15fa-432e-8ef2-07cda33b05e3",
              "isHook": false,
              "skipped": false
            }
          ],
          "suites": [],
          "passes": [
            "146ff32a-b27f-49dc-997d-bca1fe19105c",
            "566d3ad9-c4a7-4526-899f-a6ad19bd2ddb"
          ],
          "failures": [],
          "pending": [],
          "skipped": [],
          "duration": 0,
          "root": false,
          "rootEmpty": false,
          "_timeout": 2000
        },
        {
          "uuid": "f041ac40-eb12-4b54-ba9e-9093f1dcc7ce",
          "title": "usersListUtils",
          "fullFile": "C:\\Users\\anyai\\practice_unit\\test\\usersListUtils.test.js",
          "file": "\\test\\usersListUtils.test.js",
          "beforeHooks": [],
          "afterHooks": [],
          "tests": [],
          "suites": [
            {
              "uuid": "634ae1b4-7a4b-4e2d-9fe7-055b879986db",
              "title": "filterUsersByAge",
              "fullFile": "C:\\Users\\anyai\\practice_unit\\test\\usersListUtils.test.js",
              "file": "\\test\\usersListUtils.test.js",
              "beforeHooks": [],
              "afterHooks": [],
              "tests": [
                {
                  "title": "should filter users by age range",
                  "fullTitle": "usersListUtils filterUsersByAge should filter users by age range",
                  "timedOut": false,
                  "duration": 1,
                  "state": "passed",
                  "speed": "fast",
                  "pass": true,
                  "fail": false,
                  "pending": false,
                  "context": null,
                  "code": "const result = filterUsersByAge(sampleUsers, 21, 30);\nexpect(result).to.deep.equal([\n  { id: 1, name: 'Alice', age: 25, email: 'alice@mail.com' },\n  { id: 2, name: 'Bob', age: 30, email: 'bob@mail.com' }\n]);",
                  "err": {},
                  "uuid": "b3e2dcaf-334b-4496-bfd3-89b14ec017df",
                  "parentUUID": "634ae1b4-7a4b-4e2d-9fe7-055b879986db",
                  "isHook": false,
                  "skipped": false
                },
                {
                  "title": "should throw an error for invalid input",
                  "fullTitle": "usersListUtils filterUsersByAge should throw an error for invalid input",
                  "timedOut": false,
                  "duration": 1,
                  "state": "passed",
                  "speed": "fast",
                  "pass": true,
                  "fail": false,
                  "pending": false,
                  "context": null,
                  "code": "expect(() => filterUsersByAge({}, 20, 30)).to.throw();",
                  "err": {},
                  "uuid": "49ad5059-e021-47e8-bbb1-f529b0e7d0c1",
                  "parentUUID": "634ae1b4-7a4b-4e2d-9fe7-055b879986db",
                  "isHook": false,
                  "skipped": false
                }
              ],
              "suites": [],
              "passes": [
                "b3e2dcaf-334b-4496-bfd3-89b14ec017df",
                "49ad5059-e021-47e8-bbb1-f529b0e7d0c1"
              ],
              "failures": [],
              "pending": [],
              "skipped": [],
              "duration": 2,
              "root": false,
              "rootEmpty": false,
              "_timeout": 2000
            },
            {
              "uuid": "221e5df4-6e81-495f-8634-273f5734a354",
              "title": "sortUsersByName",
              "fullFile": "C:\\Users\\anyai\\practice_unit\\test\\usersListUtils.test.js",
              "file": "\\test\\usersListUtils.test.js",
              "beforeHooks": [],
              "afterHooks": [],
              "tests": [
                {
                  "title": "should sort users alphabetically by name",
                  "fullTitle": "usersListUtils sortUsersByName should sort users alphabetically by name",
                  "timedOut": false,
                  "duration": 17,
                  "state": "passed",
                  "speed": "fast",
                  "pass": true,
                  "fail": false,
                  "pending": false,
                  "context": null,
                  "code": "const result = sortUsersByName(sampleUsers);\nexpect(result.map(u => u.name)).to.deep.equal(['Alice', 'Bob', 'Charlie']);",
                  "err": {},
                  "uuid": "2be7d0df-3236-42de-8c80-706b6af97988",
                  "parentUUID": "221e5df4-6e81-495f-8634-273f5734a354",
                  "isHook": false,
                  "skipped": false
                },
                {
                  "title": "should throw an error for invalid input",
                  "fullTitle": "usersListUtils sortUsersByName should throw an error for invalid input",
                  "timedOut": false,
                  "duration": 0,
                  "state": "passed",
                  "speed": "fast",
                  "pass": true,
                  "fail": false,
                  "pending": false,
                  "context": null,
                  "code": "expect(() => sortUsersByName('not an array')).to.throw();",
                  "err": {},
                  "uuid": "76c8a365-4b4c-4f69-82d6-df88a1e7e4b0",
                  "parentUUID": "221e5df4-6e81-495f-8634-273f5734a354",
                  "isHook": false,
                  "skipped": false
                }
              ],
              "suites": [],
              "passes": [
                "2be7d0df-3236-42de-8c80-706b6af97988",
                "76c8a365-4b4c-4f69-82d6-df88a1e7e4b0"
              ],
              "failures": [],
              "pending": [],
              "skipped": [],
              "duration": 17,
              "root": false,
              "rootEmpty": false,
              "_timeout": 2000
            },
            {
              "uuid": "9f389441-a72d-4424-83e2-cf06485b6e1a",
              "title": "findUserById",
              "fullFile": "C:\\Users\\anyai\\practice_unit\\test\\usersListUtils.test.js",
              "file": "\\test\\usersListUtils.test.js",
              "beforeHooks": [],
              "afterHooks": [],
              "tests": [
                {
                  "title": "should return the user with the given ID",
                  "fullTitle": "usersListUtils findUserById should return the user with the given ID",
                  "timedOut": false,
                  "duration": 0,
                  "state": "passed",
                  "speed": "fast",
                  "pass": true,
                  "fail": false,
                  "pending": false,
                  "context": null,
                  "code": "expect(findUserById(sampleUsers, 2)).to.deep.equal(sampleUsers[1]);",
                  "err": {},
                  "uuid": "6822b51b-edc3-4263-92b9-abd2ba91bffc",
                  "parentUUID": "9f389441-a72d-4424-83e2-cf06485b6e1a",
                  "isHook": false,
                  "skipped": false
                },
                {
                  "title": "should return null if the user is not found",
                  "fullTitle": "usersListUtils findUserById should return null if the user is not found",
                  "timedOut": false,
                  "duration": 0,
                  "state": "passed",
                  "speed": "fast",
                  "pass": true,
                  "fail": false,
                  "pending": false,
                  "context": null,
                  "code": "expect(findUserById(sampleUsers, 999)).to.be.null;",
                  "err": {},
                  "uuid": "52be4f6b-b35b-4ff7-83e1-436883e2d940",
                  "parentUUID": "9f389441-a72d-4424-83e2-cf06485b6e1a",
                  "isHook": false,
                  "skipped": false
                },
                {
                  "title": "should throw an error for invalid input",
                  "fullTitle": "usersListUtils findUserById should throw an error for invalid input",
                  "timedOut": false,
                  "duration": 1,
                  "state": "passed",
                  "speed": "fast",
                  "pass": true,
                  "fail": false,
                  "pending": false,
                  "context": null,
                  "code": "expect(() => findUserById('invalid', 1)).to.throw();",
                  "err": {},
                  "uuid": "2e9e8f25-af9a-4156-a774-0faf94b0b3af",
                  "parentUUID": "9f389441-a72d-4424-83e2-cf06485b6e1a",
                  "isHook": false,
                  "skipped": false
                }
              ],
              "suites": [],
              "passes": [
                "6822b51b-edc3-4263-92b9-abd2ba91bffc",
                "52be4f6b-b35b-4ff7-83e1-436883e2d940",
                "2e9e8f25-af9a-4156-a774-0faf94b0b3af"
              ],
              "failures": [],
              "pending": [],
              "skipped": [],
              "duration": 1,
              "root": false,
              "rootEmpty": false,
              "_timeout": 2000
            },
            {
              "uuid": "1c1b0181-e578-48b7-adfa-30bd1994f03f",
              "title": "isEmailTaken",
              "fullFile": "C:\\Users\\anyai\\practice_unit\\test\\usersListUtils.test.js",
              "file": "\\test\\usersListUtils.test.js",
              "beforeHooks": [],
              "afterHooks": [],
              "tests": [
                {
                  "title": "should return true if the email exists",
                  "fullTitle": "usersListUtils isEmailTaken should return true if the email exists",
                  "timedOut": false,
                  "duration": 1,
                  "state": "passed",
                  "speed": "fast",
                  "pass": true,
                  "fail": false,
                  "pending": false,
                  "context": null,
                  "code": "expect(isEmailTaken(sampleUsers, 'bob@mail.com')).to.be.true;",
                  "err": {},
                  "uuid": "8e436b8d-32de-459c-b12d-4cdcace11cb5",
                  "parentUUID": "1c1b0181-e578-48b7-adfa-30bd1994f03f",
                  "isHook": false,
                  "skipped": false
                },
                {
                  "title": "should return false if the email does not exist",
                  "fullTitle": "usersListUtils isEmailTaken should return false if the email does not exist",
                  "timedOut": false,
                  "duration": 0,
                  "state": "passed",
                  "speed": "fast",
                  "pass": true,
                  "fail": false,
                  "pending": false,
                  "context": null,
                  "code": "expect(isEmailTaken(sampleUsers, 'nobody@mail.com')).to.be.false;",
                  "err": {},
                  "uuid": "8c921124-d569-4993-a130-d72987f343e4",
                  "parentUUID": "1c1b0181-e578-48b7-adfa-30bd1994f03f",
                  "isHook": false,
                  "skipped": false
                },
                {
                  "title": "should throw an error for invalid input",
                  "fullTitle": "usersListUtils isEmailTaken should throw an error for invalid input",
                  "timedOut": false,
                  "duration": 0,
                  "state": "passed",
                  "speed": "fast",
                  "pass": true,
                  "fail": false,
                  "pending": false,
                  "context": null,
                  "code": "expect(() => isEmailTaken(null, 'test@mail.com')).to.throw();",
                  "err": {},
                  "uuid": "2ab530df-a44d-4488-8d1f-1fc9212ea6ce",
                  "parentUUID": "1c1b0181-e578-48b7-adfa-30bd1994f03f",
                  "isHook": false,
                  "skipped": false
                }
              ],
              "suites": [],
              "passes": [
                "8e436b8d-32de-459c-b12d-4cdcace11cb5",
                "8c921124-d569-4993-a130-d72987f343e4",
                "2ab530df-a44d-4488-8d1f-1fc9212ea6ce"
              ],
              "failures": [],
              "pending": [],
              "skipped": [],
              "duration": 1,
              "root": false,
              "rootEmpty": false,
              "_timeout": 2000
            }
          ],
          "passes": [],
          "failures": [],
          "pending": [],
          "skipped": [],
          "duration": 0,
          "root": false,
          "rootEmpty": false,
          "_timeout": 2000
        }
      ],
      "passes": [],
      "failures": [],
      "pending": [],
      "skipped": [],
      "duration": 0,
      "root": true,
      "rootEmpty": true,
      "_timeout": 2000
    }
  ],
  "meta": {
    "mocha": {
      "version": "11.1.0"
    },
    "mochawesome": {
      "options": {
        "quiet": false,
        "reportFilename": "mochawesome",
        "saveHtml": true,
        "saveJson": true,
        "consoleReporter": "spec",
        "useInlineDiffs": false,
        "code": true
      },
      "version": "7.1.3"
    },
    "marge": {
      "options": null,
      "version": "6.2.0"
    }
  }
}