{
  "stats": {
    "suites": 20,
    "tests": 32,
    "passes": 32,
    "pending": 0,
    "failures": 0,
    "start": "2025-04-16T10:52:11.746Z",
    "end": "2025-04-16T10:52:11.815Z",
    "duration": 69,
    "testsRegistered": 32,
    "passPercent": 100,
    "pendingPercent": 0,
    "other": 0,
    "hasOther": false,
    "skipped": 0,
    "hasSkipped": false
  },
  "results": [
    {
      "uuid": "be056f4f-a245-4848-9621-ebbe27e909c4",
      "title": "",
      "fullFile": "",
      "file": "",
      "beforeHooks": [],
      "afterHooks": [],
      "tests": [],
      "suites": [
        {
          "uuid": "b451be27-160b-4186-8be9-bb3ebeaf9513",
          "title": "arrayUtils",
          "fullFile": "C:\\Users\\anyai\\practice_unit\\test\\arrayUtils.test.js",
          "file": "\\test\\arrayUtils.test.js",
          "beforeHooks": [],
          "afterHooks": [],
          "tests": [],
          "suites": [
            {
              "uuid": "a06ed3e0-b036-4d52-929c-c59a651d3455",
              "title": "findMax",
              "fullFile": "C:\\Users\\anyai\\practice_unit\\test\\arrayUtils.test.js",
              "file": "\\test\\arrayUtils.test.js",
              "beforeHooks": [],
              "afterHooks": [],
              "tests": [
                {
                  "title": "should return the maximum value in the array",
                  "fullTitle": "arrayUtils findMax should return the maximum value in the array",
                  "timedOut": false,
                  "duration": 1,
                  "state": "passed",
                  "speed": "fast",
                  "pass": true,
                  "fail": false,
                  "pending": false,
                  "context": null,
                  "code": "expect(findMax([1, 4, 2])).to.equal(4);",
                  "err": {},
                  "uuid": "369807ae-f828-4a8c-b541-e3ea9b011ead",
                  "parentUUID": "a06ed3e0-b036-4d52-929c-c59a651d3455",
                  "isHook": false,
                  "skipped": false
                },
                {
                  "title": "should throw an error for invalid input",
                  "fullTitle": "arrayUtils findMax should throw an error for invalid input",
                  "timedOut": false,
                  "duration": 1,
                  "state": "passed",
                  "speed": "fast",
                  "pass": true,
                  "fail": false,
                  "pending": false,
                  "context": null,
                  "code": "expect(() => findMax('not an array')).to.throw();",
                  "err": {},
                  "uuid": "815b11d6-cbb7-47e8-808c-057b3a934826",
                  "parentUUID": "a06ed3e0-b036-4d52-929c-c59a651d3455",
                  "isHook": false,
                  "skipped": false
                }
              ],
              "suites": [],
              "passes": [
                "369807ae-f828-4a8c-b541-e3ea9b011ead",
                "815b11d6-cbb7-47e8-808c-057b3a934826"
              ],
              "failures": [],
              "pending": [],
              "skipped": [],
              "duration": 2,
              "root": false,
              "rootEmpty": false,
              "_timeout": 2000
            },
            {
              "uuid": "737cd6ef-adba-47a3-8d63-79ed46b90859",
              "title": "findMin",
              "fullFile": "C:\\Users\\anyai\\practice_unit\\test\\arrayUtils.test.js",
              "file": "\\test\\arrayUtils.test.js",
              "beforeHooks": [],
              "afterHooks": [],
              "tests": [
                {
                  "title": "should return the minimum value in the array",
                  "fullTitle": "arrayUtils findMin should return the minimum value in the array",
                  "timedOut": false,
                  "duration": 0,
                  "state": "passed",
                  "speed": "fast",
                  "pass": true,
                  "fail": false,
                  "pending": false,
                  "context": null,
                  "code": "expect(findMin([10, 3, 7])).to.equal(3);",
                  "err": {},
                  "uuid": "de471d5b-54f7-4893-98dd-fb8def3160be",
                  "parentUUID": "737cd6ef-adba-47a3-8d63-79ed46b90859",
                  "isHook": false,
                  "skipped": false
                },
                {
                  "title": "should throw an error for invalid input",
                  "fullTitle": "arrayUtils findMin should throw an error for invalid input",
                  "timedOut": false,
                  "duration": 0,
                  "state": "passed",
                  "speed": "fast",
                  "pass": true,
                  "fail": false,
                  "pending": false,
                  "context": null,
                  "code": "expect(() => findMin(123)).to.throw();",
                  "err": {},
                  "uuid": "716d43ea-b31a-48da-ab80-cd0afa17cffa",
                  "parentUUID": "737cd6ef-adba-47a3-8d63-79ed46b90859",
                  "isHook": false,
                  "skipped": false
                }
              ],
              "suites": [],
              "passes": [
                "de471d5b-54f7-4893-98dd-fb8def3160be",
                "716d43ea-b31a-48da-ab80-cd0afa17cffa"
              ],
              "failures": [],
              "pending": [],
              "skipped": [],
              "duration": 0,
              "root": false,
              "rootEmpty": false,
              "_timeout": 2000
            },
            {
              "uuid": "cb75c6f1-6f4a-4595-b48a-6019de0263c0",
              "title": "removeDuplicates",
              "fullFile": "C:\\Users\\anyai\\practice_unit\\test\\arrayUtils.test.js",
              "file": "\\test\\arrayUtils.test.js",
              "beforeHooks": [],
              "afterHooks": [],
              "tests": [
                {
                  "title": "should remove duplicate values from the array",
                  "fullTitle": "arrayUtils removeDuplicates should remove duplicate values from the array",
                  "timedOut": false,
                  "duration": 1,
                  "state": "passed",
                  "speed": "fast",
                  "pass": true,
                  "fail": false,
                  "pending": false,
                  "context": null,
                  "code": "expect(removeDuplicates([1, 2, 2, 3])).to.deep.equal([1, 2, 3]);",
                  "err": {},
                  "uuid": "ba4dc3b7-ff90-4640-a680-e9ce80cd0b8e",
                  "parentUUID": "cb75c6f1-6f4a-4595-b48a-6019de0263c0",
                  "isHook": false,
                  "skipped": false
                },
                {
                  "title": "should throw an error for invalid input",
                  "fullTitle": "arrayUtils removeDuplicates should throw an error for invalid input",
                  "timedOut": false,
                  "duration": 0,
                  "state": "passed",
                  "speed": "fast",
                  "pass": true,
                  "fail": false,
                  "pending": false,
                  "context": null,
                  "code": "expect(() => removeDuplicates({})).to.throw();",
                  "err": {},
                  "uuid": "1c6f91e5-a553-4db5-bc8f-340574607122",
                  "parentUUID": "cb75c6f1-6f4a-4595-b48a-6019de0263c0",
                  "isHook": false,
                  "skipped": false
                }
              ],
              "suites": [],
              "passes": [
                "ba4dc3b7-ff90-4640-a680-e9ce80cd0b8e",
                "1c6f91e5-a553-4db5-bc8f-340574607122"
              ],
              "failures": [],
              "pending": [],
              "skipped": [],
              "duration": 1,
              "root": false,
              "rootEmpty": false,
              "_timeout": 2000
            }
          ],
          "passes": [],
          "failures": [],
          "pending": [],
          "skipped": [],
          "duration": 0,
          "root": false,
          "rootEmpty": false,
          "_timeout": 2000
        },
        {
          "uuid": "c46ea564-2d09-4447-9d01-17b559d782e6",
          "title": "checkStudentKnowledge (через Wrapper)",
          "fullFile": "C:\\Users\\anyai\\practice_unit\\test\\checkStudentKnowledgeWrapper.test.js",
          "file": "\\test\\checkStudentKnowledgeWrapper.test.js",
          "beforeHooks": [],
          "afterHooks": [],
          "tests": [
            {
              "title": "возвращает true, если ответы совпадают",
              "fullTitle": "checkStudentKnowledge (через Wrapper) возвращает true, если ответы совпадают",
              "timedOut": false,
              "duration": 1,
              "state": "passed",
              "speed": "fast",
              "pass": true,
              "fail": false,
              "pending": false,
              "context": null,
              "code": "const student = { q1: 'a', q2: 'b' };\nconst correct = { q1: 'a', q2: 'b' };\nassert.equal(checkStudentKnowledge(student, correct), true);",
              "err": {},
              "uuid": "bfff7536-4dc6-40ec-8eba-d3c11e59afd3",
              "parentUUID": "c46ea564-2d09-4447-9d01-17b559d782e6",
              "isHook": false,
              "skipped": false
            },
            {
              "title": "возвращает false, если ключи отличаются",
              "fullTitle": "checkStudentKnowledge (через Wrapper) возвращает false, если ключи отличаются",
              "timedOut": false,
              "duration": 1,
              "state": "passed",
              "speed": "fast",
              "pass": true,
              "fail": false,
              "pending": false,
              "context": null,
              "code": "const student = { q1: 'a' };\nconst correct = { q1: 'a', q2: 'b' };\nassert.equal(checkStudentKnowledge(student, correct), false);",
              "err": {},
              "uuid": "5dc73a05-1a1b-4258-a0c1-52b7dd27d4da",
              "parentUUID": "c46ea564-2d09-4447-9d01-17b559d782e6",
              "isHook": false,
              "skipped": false
            }
          ],
          "suites": [],
          "passes": [
            "bfff7536-4dc6-40ec-8eba-d3c11e59afd3",
            "5dc73a05-1a1b-4258-a0c1-52b7dd27d4da"
          ],
          "failures": [],
          "pending": [],
          "skipped": [],
          "duration": 2,
          "root": false,
          "rootEmpty": false,
          "_timeout": 2000
        },
        {
          "uuid": "7464c0bc-b50d-4ae6-9ed0-1aab3c0df825",
          "title": "mathUtils",
          "fullFile": "C:\\Users\\anyai\\practice_unit\\test\\mathUtils.test.js",
          "file": "\\test\\mathUtils.test.js",
          "beforeHooks": [],
          "afterHooks": [],
          "tests": [],
          "suites": [
            {
              "uuid": "5e973abf-1b2e-4600-a486-ac4c1eae8fe6",
              "title": "add",
              "fullFile": "C:\\Users\\anyai\\practice_unit\\test\\mathUtils.test.js",
              "file": "\\test\\mathUtils.test.js",
              "beforeHooks": [],
              "afterHooks": [],
              "tests": [
                {
                  "title": "should return the sum of two numbers",
                  "fullTitle": "mathUtils add should return the sum of two numbers",
                  "timedOut": false,
                  "duration": 0,
                  "state": "passed",
                  "speed": "fast",
                  "pass": true,
                  "fail": false,
                  "pending": false,
                  "context": null,
                  "code": "expect(add(2, 3)).to.equal(5);",
                  "err": {},
                  "uuid": "5a6658a2-534e-4b4a-a3ba-63a025a12bdc",
                  "parentUUID": "5e973abf-1b2e-4600-a486-ac4c1eae8fe6",
                  "isHook": false,
                  "skipped": false
                }
              ],
              "suites": [],
              "passes": [
                "5a6658a2-534e-4b4a-a3ba-63a025a12bdc"
              ],
              "failures": [],
              "pending": [],
              "skipped": [],
              "duration": 0,
              "root": false,
              "rootEmpty": false,
              "_timeout": 2000
            },
            {
              "uuid": "aec003b4-112e-4dfe-9493-db206a50e85e",
              "title": "subtract",
              "fullFile": "C:\\Users\\anyai\\practice_unit\\test\\mathUtils.test.js",
              "file": "\\test\\mathUtils.test.js",
              "beforeHooks": [],
              "afterHooks": [],
              "tests": [
                {
                  "title": "should return the difference of two numbers",
                  "fullTitle": "mathUtils subtract should return the difference of two numbers",
                  "timedOut": false,
                  "duration": 0,
                  "state": "passed",
                  "speed": "fast",
                  "pass": true,
                  "fail": false,
                  "pending": false,
                  "context": null,
                  "code": "expect(subtract(5, 3)).to.equal(2);",
                  "err": {},
                  "uuid": "68a62719-4fd8-4fd7-a88b-c5972bd8385b",
                  "parentUUID": "aec003b4-112e-4dfe-9493-db206a50e85e",
                  "isHook": false,
                  "skipped": false
                }
              ],
              "suites": [],
              "passes": [
                "68a62719-4fd8-4fd7-a88b-c5972bd8385b"
              ],
              "failures": [],
              "pending": [],
              "skipped": [],
              "duration": 0,
              "root": false,
              "rootEmpty": false,
              "_timeout": 2000
            },
            {
              "uuid": "0f92ce20-19de-4b7f-857e-3949f01979e7",
              "title": "multiply",
              "fullFile": "C:\\Users\\anyai\\practice_unit\\test\\mathUtils.test.js",
              "file": "\\test\\mathUtils.test.js",
              "beforeHooks": [],
              "afterHooks": [],
              "tests": [
                {
                  "title": "should return the product of two numbers",
                  "fullTitle": "mathUtils multiply should return the product of two numbers",
                  "timedOut": false,
                  "duration": 1,
                  "state": "passed",
                  "speed": "fast",
                  "pass": true,
                  "fail": false,
                  "pending": false,
                  "context": null,
                  "code": "expect(multiply(4, 2)).to.equal(8);",
                  "err": {},
                  "uuid": "1507ffc2-3e25-4ca3-a87e-762bf67fa7b4",
                  "parentUUID": "0f92ce20-19de-4b7f-857e-3949f01979e7",
                  "isHook": false,
                  "skipped": false
                }
              ],
              "suites": [],
              "passes": [
                "1507ffc2-3e25-4ca3-a87e-762bf67fa7b4"
              ],
              "failures": [],
              "pending": [],
              "skipped": [],
              "duration": 1,
              "root": false,
              "rootEmpty": false,
              "_timeout": 2000
            },
            {
              "uuid": "fdaf89ea-c13c-479e-9b2c-9ca093206bb2",
              "title": "divide",
              "fullFile": "C:\\Users\\anyai\\practice_unit\\test\\mathUtils.test.js",
              "file": "\\test\\mathUtils.test.js",
              "beforeHooks": [],
              "afterHooks": [],
              "tests": [
                {
                  "title": "should return the result of division",
                  "fullTitle": "mathUtils divide should return the result of division",
                  "timedOut": false,
                  "duration": 0,
                  "state": "passed",
                  "speed": "fast",
                  "pass": true,
                  "fail": false,
                  "pending": false,
                  "context": null,
                  "code": "expect(divide(10, 2)).to.equal(5);",
                  "err": {},
                  "uuid": "be09e389-8952-4a78-bf28-064e570cded1",
                  "parentUUID": "fdaf89ea-c13c-479e-9b2c-9ca093206bb2",
                  "isHook": false,
                  "skipped": false
                },
                {
                  "title": "should throw an error when dividing by zero",
                  "fullTitle": "mathUtils divide should throw an error when dividing by zero",
                  "timedOut": false,
                  "duration": 1,
                  "state": "passed",
                  "speed": "fast",
                  "pass": true,
                  "fail": false,
                  "pending": false,
                  "context": null,
                  "code": "expect(() => divide(10, 0)).to.throw(\"Cannot divide by zero\");",
                  "err": {},
                  "uuid": "459707bf-e6cd-4cda-a767-ba16de7ea6a2",
                  "parentUUID": "fdaf89ea-c13c-479e-9b2c-9ca093206bb2",
                  "isHook": false,
                  "skipped": false
                }
              ],
              "suites": [],
              "passes": [
                "be09e389-8952-4a78-bf28-064e570cded1",
                "459707bf-e6cd-4cda-a767-ba16de7ea6a2"
              ],
              "failures": [],
              "pending": [],
              "skipped": [],
              "duration": 1,
              "root": false,
              "rootEmpty": false,
              "_timeout": 2000
            }
          ],
          "passes": [],
          "failures": [],
          "pending": [],
          "skipped": [],
          "duration": 0,
          "root": false,
          "rootEmpty": false,
          "_timeout": 2000
        },
        {
          "uuid": "0b439a96-b5f9-4cec-a282-413c9167bd12",
          "title": "stringUtils",
          "fullFile": "C:\\Users\\anyai\\practice_unit\\test\\stringUtils.test.js",
          "file": "\\test\\stringUtils.test.js",
          "beforeHooks": [],
          "afterHooks": [],
          "tests": [],
          "suites": [
            {
              "uuid": "af3fc10f-d155-4c56-82ec-0b919e8ff46b",
              "title": "capitalize",
              "fullFile": "C:\\Users\\anyai\\practice_unit\\test\\stringUtils.test.js",
              "file": "\\test\\stringUtils.test.js",
              "beforeHooks": [],
              "afterHooks": [],
              "tests": [
                {
                  "title": "should capitalize the first letter",
                  "fullTitle": "stringUtils capitalize should capitalize the first letter",
                  "timedOut": false,
                  "duration": 0,
                  "state": "passed",
                  "speed": "fast",
                  "pass": true,
                  "fail": false,
                  "pending": false,
                  "context": null,
                  "code": "expect(capitalize('hello')).to.equal('Hello');",
                  "err": {},
                  "uuid": "48cf7041-e2eb-4c4c-96ac-759f148a7b1a",
                  "parentUUID": "af3fc10f-d155-4c56-82ec-0b919e8ff46b",
                  "isHook": false,
                  "skipped": false
                },
                {
                  "title": "should throw an error for invalid input",
                  "fullTitle": "stringUtils capitalize should throw an error for invalid input",
                  "timedOut": false,
                  "duration": 0,
                  "state": "passed",
                  "speed": "fast",
                  "pass": true,
                  "fail": false,
                  "pending": false,
                  "context": null,
                  "code": "expect(() => capitalize(123)).to.throw();",
                  "err": {},
                  "uuid": "284976b0-99d1-4d00-a309-2d1d557b0b64",
                  "parentUUID": "af3fc10f-d155-4c56-82ec-0b919e8ff46b",
                  "isHook": false,
                  "skipped": false
                }
              ],
              "suites": [],
              "passes": [
                "48cf7041-e2eb-4c4c-96ac-759f148a7b1a",
                "284976b0-99d1-4d00-a309-2d1d557b0b64"
              ],
              "failures": [],
              "pending": [],
              "skipped": [],
              "duration": 0,
              "root": false,
              "rootEmpty": false,
              "_timeout": 2000
            },
            {
              "uuid": "0af007be-aa6b-40dd-85f2-64944c46faf5",
              "title": "reverseString",
              "fullFile": "C:\\Users\\anyai\\practice_unit\\test\\stringUtils.test.js",
              "file": "\\test\\stringUtils.test.js",
              "beforeHooks": [],
              "afterHooks": [],
              "tests": [
                {
                  "title": "should reverse the string",
                  "fullTitle": "stringUtils reverseString should reverse the string",
                  "timedOut": false,
                  "duration": 1,
                  "state": "passed",
                  "speed": "fast",
                  "pass": true,
                  "fail": false,
                  "pending": false,
                  "context": null,
                  "code": "expect(reverseString('abc')).to.equal('cba');",
                  "err": {},
                  "uuid": "07a177c1-2989-47fa-b7c6-7006d1246b30",
                  "parentUUID": "0af007be-aa6b-40dd-85f2-64944c46faf5",
                  "isHook": false,
                  "skipped": false
                },
                {
                  "title": "should throw an error for invalid input",
                  "fullTitle": "stringUtils reverseString should throw an error for invalid input",
                  "timedOut": false,
                  "duration": 1,
                  "state": "passed",
                  "speed": "fast",
                  "pass": true,
                  "fail": false,
                  "pending": false,
                  "context": null,
                  "code": "expect(() => reverseString(null)).to.throw();",
                  "err": {},
                  "uuid": "2b0609a3-1299-4be0-9203-c623b6cc7522",
                  "parentUUID": "0af007be-aa6b-40dd-85f2-64944c46faf5",
                  "isHook": false,
                  "skipped": false
                }
              ],
              "suites": [],
              "passes": [
                "07a177c1-2989-47fa-b7c6-7006d1246b30",
                "2b0609a3-1299-4be0-9203-c623b6cc7522"
              ],
              "failures": [],
              "pending": [],
              "skipped": [],
              "duration": 2,
              "root": false,
              "rootEmpty": false,
              "_timeout": 2000
            },
            {
              "uuid": "e636cd51-7cde-46e4-8497-d68bd2306a28",
              "title": "isPalindrome",
              "fullFile": "C:\\Users\\anyai\\practice_unit\\test\\stringUtils.test.js",
              "file": "\\test\\stringUtils.test.js",
              "beforeHooks": [],
              "afterHooks": [],
              "tests": [
                {
                  "title": "should return true for a palindrome",
                  "fullTitle": "stringUtils isPalindrome should return true for a palindrome",
                  "timedOut": false,
                  "duration": 0,
                  "state": "passed",
                  "speed": "fast",
                  "pass": true,
                  "fail": false,
                  "pending": false,
                  "context": null,
                  "code": "expect(isPalindrome('level')).to.be.true;",
                  "err": {},
                  "uuid": "f265c34c-b8cc-4d74-8eca-275838fe5209",
                  "parentUUID": "e636cd51-7cde-46e4-8497-d68bd2306a28",
                  "isHook": false,
                  "skipped": false
                },
                {
                  "title": "should return false for a non-palindrome",
                  "fullTitle": "stringUtils isPalindrome should return false for a non-palindrome",
                  "timedOut": false,
                  "duration": 0,
                  "state": "passed",
                  "speed": "fast",
                  "pass": true,
                  "fail": false,
                  "pending": false,
                  "context": null,
                  "code": "expect(isPalindrome('hello')).to.be.false;",
                  "err": {},
                  "uuid": "3e76098b-5bef-448a-9a15-826fa18748af",
                  "parentUUID": "e636cd51-7cde-46e4-8497-d68bd2306a28",
                  "isHook": false,
                  "skipped": false
                },
                {
                  "title": "should throw an error for invalid input",
                  "fullTitle": "stringUtils isPalindrome should throw an error for invalid input",
                  "timedOut": false,
                  "duration": 1,
                  "state": "passed",
                  "speed": "fast",
                  "pass": true,
                  "fail": false,
                  "pending": false,
                  "context": null,
                  "code": "expect(() => isPalindrome({})).to.throw();",
                  "err": {},
                  "uuid": "68fef77a-803c-4ac7-bb2b-a4e0fe9b0be7",
                  "parentUUID": "e636cd51-7cde-46e4-8497-d68bd2306a28",
                  "isHook": false,
                  "skipped": false
                }
              ],
              "suites": [],
              "passes": [
                "f265c34c-b8cc-4d74-8eca-275838fe5209",
                "3e76098b-5bef-448a-9a15-826fa18748af",
                "68fef77a-803c-4ac7-bb2b-a4e0fe9b0be7"
              ],
              "failures": [],
              "pending": [],
              "skipped": [],
              "duration": 1,
              "root": false,
              "rootEmpty": false,
              "_timeout": 2000
            }
          ],
          "passes": [],
          "failures": [],
          "pending": [],
          "skipped": [],
          "duration": 0,
          "root": false,
          "rootEmpty": false,
          "_timeout": 2000
        },
        {
          "uuid": "d2da6be6-fc30-41e1-8c30-44299ae8fd2b",
          "title": "checkStudentKnowledge (через Exported)",
          "fullFile": "C:\\Users\\anyai\\practice_unit\\test\\studentKnowledgeCheckerExported.test.js",
          "file": "\\test\\studentKnowledgeCheckerExported.test.js",
          "beforeHooks": [],
          "afterHooks": [],
          "tests": [
            {
              "title": "возвращает true, если ответы совпадают",
              "fullTitle": "checkStudentKnowledge (через Exported) возвращает true, если ответы совпадают",
              "timedOut": false,
              "duration": 0,
              "state": "passed",
              "speed": "fast",
              "pass": true,
              "fail": false,
              "pending": false,
              "context": null,
              "code": "const student = { q1: 'a', q2: 'b' };\nconst correct = { q1: 'a', q2: 'b' };\nassert.equal(checkStudentKnowledge(student, correct), true);",
              "err": {},
              "uuid": "f50f2619-1685-4915-bf93-784839794fe3",
              "parentUUID": "d2da6be6-fc30-41e1-8c30-44299ae8fd2b",
              "isHook": false,
              "skipped": false
            },
            {
              "title": "возвращает false, если есть ошибка",
              "fullTitle": "checkStudentKnowledge (через Exported) возвращает false, если есть ошибка",
              "timedOut": false,
              "duration": 1,
              "state": "passed",
              "speed": "fast",
              "pass": true,
              "fail": false,
              "pending": false,
              "context": null,
              "code": "const student = { q1: 'a', q2: 'x' };\nconst correct = { q1: 'a', q2: 'b' };\nassert.equal(checkStudentKnowledge(student, correct), false);",
              "err": {},
              "uuid": "0d597a4b-ec5d-40ca-b445-89b7c1a42c31",
              "parentUUID": "d2da6be6-fc30-41e1-8c30-44299ae8fd2b",
              "isHook": false,
              "skipped": false
            }
          ],
          "suites": [],
          "passes": [
            "f50f2619-1685-4915-bf93-784839794fe3",
            "0d597a4b-ec5d-40ca-b445-89b7c1a42c31"
          ],
          "failures": [],
          "pending": [],
          "skipped": [],
          "duration": 1,
          "root": false,
          "rootEmpty": false,
          "_timeout": 2000
        },
        {
          "uuid": "384b88fd-adb5-4d63-9f7c-374cbe1b673a",
          "title": "usersListUtils",
          "fullFile": "C:\\Users\\anyai\\practice_unit\\test\\usersListUtils.test.js",
          "file": "\\test\\usersListUtils.test.js",
          "beforeHooks": [],
          "afterHooks": [],
          "tests": [],
          "suites": [
            {
              "uuid": "f91667c5-1d52-41d4-a36c-1c6c95c50bfe",
              "title": "filterUsersByAge",
              "fullFile": "C:\\Users\\anyai\\practice_unit\\test\\usersListUtils.test.js",
              "file": "\\test\\usersListUtils.test.js",
              "beforeHooks": [],
              "afterHooks": [],
              "tests": [
                {
                  "title": "should filter users by age range",
                  "fullTitle": "usersListUtils filterUsersByAge should filter users by age range",
                  "timedOut": false,
                  "duration": 1,
                  "state": "passed",
                  "speed": "fast",
                  "pass": true,
                  "fail": false,
                  "pending": false,
                  "context": null,
                  "code": "const result = filterUsersByAge(sampleUsers, 21, 30);\nexpect(result).to.deep.equal([\n  { id: 1, name: 'Alice', age: 25, email: 'alice@mail.com' },\n  { id: 2, name: 'Bob', age: 30, email: 'bob@mail.com' }\n]);",
                  "err": {},
                  "uuid": "f9031ab1-7e93-4621-927f-3e1997adbcbd",
                  "parentUUID": "f91667c5-1d52-41d4-a36c-1c6c95c50bfe",
                  "isHook": false,
                  "skipped": false
                },
                {
                  "title": "should throw an error for invalid input",
                  "fullTitle": "usersListUtils filterUsersByAge should throw an error for invalid input",
                  "timedOut": false,
                  "duration": 1,
                  "state": "passed",
                  "speed": "fast",
                  "pass": true,
                  "fail": false,
                  "pending": false,
                  "context": null,
                  "code": "expect(() => filterUsersByAge({}, 20, 30)).to.throw();",
                  "err": {},
                  "uuid": "7b1651d0-67ab-4369-958b-ba56638fb883",
                  "parentUUID": "f91667c5-1d52-41d4-a36c-1c6c95c50bfe",
                  "isHook": false,
                  "skipped": false
                }
              ],
              "suites": [],
              "passes": [
                "f9031ab1-7e93-4621-927f-3e1997adbcbd",
                "7b1651d0-67ab-4369-958b-ba56638fb883"
              ],
              "failures": [],
              "pending": [],
              "skipped": [],
              "duration": 2,
              "root": false,
              "rootEmpty": false,
              "_timeout": 2000
            },
            {
              "uuid": "307fd401-e182-4c7f-8c6b-dd428c4b52ae",
              "title": "sortUsersByName",
              "fullFile": "C:\\Users\\anyai\\practice_unit\\test\\usersListUtils.test.js",
              "file": "\\test\\usersListUtils.test.js",
              "beforeHooks": [],
              "afterHooks": [],
              "tests": [
                {
                  "title": "should sort users alphabetically by name",
                  "fullTitle": "usersListUtils sortUsersByName should sort users alphabetically by name",
                  "timedOut": false,
                  "duration": 20,
                  "state": "passed",
                  "speed": "fast",
                  "pass": true,
                  "fail": false,
                  "pending": false,
                  "context": null,
                  "code": "const result = sortUsersByName(sampleUsers);\nexpect(result.map(u => u.name)).to.deep.equal(['Alice', 'Bob', 'Charlie']);",
                  "err": {},
                  "uuid": "02c0ee2c-dcc6-44c6-8f36-ecbc1a2471ba",
                  "parentUUID": "307fd401-e182-4c7f-8c6b-dd428c4b52ae",
                  "isHook": false,
                  "skipped": false
                },
                {
                  "title": "should throw an error for invalid input",
                  "fullTitle": "usersListUtils sortUsersByName should throw an error for invalid input",
                  "timedOut": false,
                  "duration": 0,
                  "state": "passed",
                  "speed": "fast",
                  "pass": true,
                  "fail": false,
                  "pending": false,
                  "context": null,
                  "code": "expect(() => sortUsersByName('not an array')).to.throw();",
                  "err": {},
                  "uuid": "c6e01b56-6a73-45bb-8007-0fb1ff8e6a70",
                  "parentUUID": "307fd401-e182-4c7f-8c6b-dd428c4b52ae",
                  "isHook": false,
                  "skipped": false
                }
              ],
              "suites": [],
              "passes": [
                "02c0ee2c-dcc6-44c6-8f36-ecbc1a2471ba",
                "c6e01b56-6a73-45bb-8007-0fb1ff8e6a70"
              ],
              "failures": [],
              "pending": [],
              "skipped": [],
              "duration": 20,
              "root": false,
              "rootEmpty": false,
              "_timeout": 2000
            },
            {
              "uuid": "9de3aa95-8664-41d5-bf5b-72891b82e9fe",
              "title": "findUserById",
              "fullFile": "C:\\Users\\anyai\\practice_unit\\test\\usersListUtils.test.js",
              "file": "\\test\\usersListUtils.test.js",
              "beforeHooks": [],
              "afterHooks": [],
              "tests": [
                {
                  "title": "should return the user with the given ID",
                  "fullTitle": "usersListUtils findUserById should return the user with the given ID",
                  "timedOut": false,
                  "duration": 0,
                  "state": "passed",
                  "speed": "fast",
                  "pass": true,
                  "fail": false,
                  "pending": false,
                  "context": null,
                  "code": "expect(findUserById(sampleUsers, 2)).to.deep.equal(sampleUsers[1]);",
                  "err": {},
                  "uuid": "d7c5c713-7a12-4437-931d-a8f9c6c97e5f",
                  "parentUUID": "9de3aa95-8664-41d5-bf5b-72891b82e9fe",
                  "isHook": false,
                  "skipped": false
                },
                {
                  "title": "should return null if the user is not found",
                  "fullTitle": "usersListUtils findUserById should return null if the user is not found",
                  "timedOut": false,
                  "duration": 1,
                  "state": "passed",
                  "speed": "fast",
                  "pass": true,
                  "fail": false,
                  "pending": false,
                  "context": null,
                  "code": "expect(findUserById(sampleUsers, 999)).to.be.null;",
                  "err": {},
                  "uuid": "fb8936c4-5a5e-4abc-9b58-6d8f16b8bde6",
                  "parentUUID": "9de3aa95-8664-41d5-bf5b-72891b82e9fe",
                  "isHook": false,
                  "skipped": false
                },
                {
                  "title": "should throw an error for invalid input",
                  "fullTitle": "usersListUtils findUserById should throw an error for invalid input",
                  "timedOut": false,
                  "duration": 1,
                  "state": "passed",
                  "speed": "fast",
                  "pass": true,
                  "fail": false,
                  "pending": false,
                  "context": null,
                  "code": "expect(() => findUserById('invalid', 1)).to.throw();",
                  "err": {},
                  "uuid": "74cd16f1-b317-4e9c-ad47-6412df1377ab",
                  "parentUUID": "9de3aa95-8664-41d5-bf5b-72891b82e9fe",
                  "isHook": false,
                  "skipped": false
                }
              ],
              "suites": [],
              "passes": [
                "d7c5c713-7a12-4437-931d-a8f9c6c97e5f",
                "fb8936c4-5a5e-4abc-9b58-6d8f16b8bde6",
                "74cd16f1-b317-4e9c-ad47-6412df1377ab"
              ],
              "failures": [],
              "pending": [],
              "skipped": [],
              "duration": 2,
              "root": false,
              "rootEmpty": false,
              "_timeout": 2000
            },
            {
              "uuid": "c45caa12-c6f4-484a-9484-64393f4bc50a",
              "title": "isEmailTaken",
              "fullFile": "C:\\Users\\anyai\\practice_unit\\test\\usersListUtils.test.js",
              "file": "\\test\\usersListUtils.test.js",
              "beforeHooks": [],
              "afterHooks": [],
              "tests": [
                {
                  "title": "should return true if the email exists",
                  "fullTitle": "usersListUtils isEmailTaken should return true if the email exists",
                  "timedOut": false,
                  "duration": 1,
                  "state": "passed",
                  "speed": "fast",
                  "pass": true,
                  "fail": false,
                  "pending": false,
                  "context": null,
                  "code": "expect(isEmailTaken(sampleUsers, 'bob@mail.com')).to.be.true;",
                  "err": {},
                  "uuid": "211d055a-382f-486c-8a7d-26e04e12d36b",
                  "parentUUID": "c45caa12-c6f4-484a-9484-64393f4bc50a",
                  "isHook": false,
                  "skipped": false
                },
                {
                  "title": "should return false if the email does not exist",
                  "fullTitle": "usersListUtils isEmailTaken should return false if the email does not exist",
                  "timedOut": false,
                  "duration": 0,
                  "state": "passed",
                  "speed": "fast",
                  "pass": true,
                  "fail": false,
                  "pending": false,
                  "context": null,
                  "code": "expect(isEmailTaken(sampleUsers, 'nobody@mail.com')).to.be.false;",
                  "err": {},
                  "uuid": "ed99dbed-ee7f-4096-88bb-88c669b7f49c",
                  "parentUUID": "c45caa12-c6f4-484a-9484-64393f4bc50a",
                  "isHook": false,
                  "skipped": false
                },
                {
                  "title": "should throw an error for invalid input",
                  "fullTitle": "usersListUtils isEmailTaken should throw an error for invalid input",
                  "timedOut": false,
                  "duration": 0,
                  "state": "passed",
                  "speed": "fast",
                  "pass": true,
                  "fail": false,
                  "pending": false,
                  "context": null,
                  "code": "expect(() => isEmailTaken(null, 'test@mail.com')).to.throw();",
                  "err": {},
                  "uuid": "71da60eb-9440-4534-9e02-e8909fff8fe1",
                  "parentUUID": "c45caa12-c6f4-484a-9484-64393f4bc50a",
                  "isHook": false,
                  "skipped": false
                }
              ],
              "suites": [],
              "passes": [
                "211d055a-382f-486c-8a7d-26e04e12d36b",
                "ed99dbed-ee7f-4096-88bb-88c669b7f49c",
                "71da60eb-9440-4534-9e02-e8909fff8fe1"
              ],
              "failures": [],
              "pending": [],
              "skipped": [],
              "duration": 1,
              "root": false,
              "rootEmpty": false,
              "_timeout": 2000
            }
          ],
          "passes": [],
          "failures": [],
          "pending": [],
          "skipped": [],
          "duration": 0,
          "root": false,
          "rootEmpty": false,
          "_timeout": 2000
        }
      ],
      "passes": [],
      "failures": [],
      "pending": [],
      "skipped": [],
      "duration": 0,
      "root": true,
      "rootEmpty": true,
      "_timeout": 2000
    }
  ],
  "meta": {
    "mocha": {
      "version": "11.1.0"
    },
    "mochawesome": {
      "options": {
        "quiet": false,
        "reportFilename": "mochawesome",
        "saveHtml": true,
        "saveJson": true,
        "consoleReporter": "spec",
        "useInlineDiffs": false,
        "code": true
      },
      "version": "7.1.3"
    },
    "marge": {
      "options": null,
      "version": "6.2.0"
    }
  }
}